ABCED
ATBCDEFGHOSIJKLMNPQRUVWXYZ
A
AB
AB
AB
AB
AGBCDFEHIJ
ADFKEJCHIBLNORGSMPQ
ABC
AJKHDCBOELNIMFG
ABCEDGFH
ACBDHGFLEKIJOMNP
ABC
AEDCHKBFGIJ
ADEBOCPILQFKHNRJGM
ABCDE
ABHDCFEKGMIJNL
AKEJDGFNCBILHM
ABFGDIMKHLECJ
ABFCEDGLKJINMOH
ABCDEF
ABC
ABFCGEDHIJ
ACBDGEFH
ABCDHEFGIJ
AGFKDEBCIHPSJLQRTUVMNXWYO
ALCBHONQFEGKJPDIM
ABMCDEGFHLIJKNOPQRS
ABCD
ABCEDFHGIJ
ABCDEF
AEBCDFPLROMSGKIHTNJQ
AJKPFBDEOQCHGMILN
ABDCHENMIKOPJLFG
AIBGDCMLFKHEJ
ABCDEF
ACNGFIHOWTUDBRVKQEJLMPS
ABDIECGFH
ASGEHCFTIOBDULJNRMPVWQK
AFHBEDCMGIOPJLRQTKVNYUWXS
ADECJGFHMIKBLNOP
AIFHRJTQCUBKLDEGMNSOP
AFECBIGDKHMJL
ADEFGICJBH
ABGLDKCFEJIHTQPMNORSUV
ABHGDECIFJMNPKLOTRSUVWQ
AFLHMGDCJBKENI
AFGDHBEC
ACHBIGDJFE
AECGDIBFKMHLNJPOQ
ACBKFOLJEHDPGIMQN
AICGMDEFLJPBKONH
ABCDEFGHIJKL
ABCJDEFHGIKL
ACBEDFGJIHK
ADCBGEFKJIHLQPMNO
ABGFKSENIJDQCTMPLROH
AFNBCDEGLHIJPKMO
ABCD
ABCDEFHGIJKL
AJIEKCDGBOLRMPTSFNUXQWHV
ALBCDEFGIHJKM
AGCDEHFIKJB
ABGFDCE
ABCFDSIEGHKJLOPMNQRT
ACBD
ACDHGEWIMNOFVJTYRLQXKSPUB
ABCDEF
ABCD
ABCDEF
AFEDOSULCTHQPIMZVWRGBXYJKN
AFDBJCGHIEQMPKNOL
ABHCDEFGIJ
ACBDHGFEIJ
ACBEHJDFMGNIKL
ABCDEFGHJIKL
ABCDE
ABCDEFGHMIJKL
ABDGCEF
ACFJDIHBKEGLQOPRMNTUS
ADFMKEINBCGJHOPL
AGMBCILHKFNODEJ
AIBCMDEFKHLGJ
ABCDE
ABDGFCKJIQLHMNPRSOE
AGCDBEFH
ABEDCJIGFKH
ACBEGFHD
AEFBCGD
ALDEBCFJINGOHPQUSTKRVYXMWZ
ADEGBNICJOHLQKVFRSPTMU
ADBJLONCGIHMRUVKWEPSTFQ
ACBDFEHG
AGFJBCDLIEHK
ABCDEFGHIJKLMNOPQRST
AGIPDEOTFRSKUMNBCHJLQ
ACEBDIHGF
AJBGCDEFHI
AEOFCGBJNMHDIKL
ACBGHDFE
ABCHJKLRFGIPEODQNXMUWSVT
ATBHECSQPKRIUDFGJOLMN
ADCEHFBIJG
ABCDEFG
ABCEFDGJIMHNKL
ACBEHIGFKJD
ALGCBFNKOEPDMIJQH
ADHGBCFEI
ALBCDMOFNGKQEHPIJRTS
ABDEFGC
ABCD
ABICDEFGHJK
ABNKCMJEDFIOVRHGPTSWLUQ
ABC
AFBCROGEDNPJHLQIMK
ABKCGDFEULQMHNRPJVTSOIWX
AKDBCFQPGJMEHLOTUWVRINS
ABCDFGE
AJPHRQBCDEGILFKMNOST
AGDBFCE
AHCFBDIGEJ
ACBFDGE
ABNHEUJPMLTRSDCKFOVQGI
AKBHNCDEFGLIJMO
AHBLFCDPGEIMNJKOQ
ABKHDCEFGIJ
AHCJBMDIGKEYNFLPVXSRQWUTOZ
AOEDITSLBCGFJRMVQPHNUK
AHQCBFEDTIKSOGJRMNPL
ABCDFEGHI
ABCDJEFGHIK
AEFBGKCDJILNMH
ACBDEFGHIMOPJLNK
ABC
ACBFEHDJGIKLONM
ABMCDIONEFGHPJLK
AHBCJFGKPMNOQDRLTISUE
ACBEIDMFGHJLKN
ABDECFIGH
AGBECJFHTDOUPMLXIKNQRSVW
ADHBCGJEFI
AGEDCHRBKFONQUJMPSTIL
ADEOIBLJPFCHSGQTUKVRNM
ABMDCFELKHPRQGSNIJO
AJBKCDEFGHI
ABDCEGHIF
ACEBFDHGMIJNLKOQP
AHECBFGIODPKNSJRMLQ
ABCNEDJFOPLIQKGHM
AGFBCDSMEHITJQLUKNOPRV
ABCDEFGHIJKLMNOPQYRTSUVWXZ
AFHDBGICE
ABCD
ADCFEBG
AFBDHGIJELKMC
ABCQDJKOGIFRMPNTSEHL
ACEFKBDHLGJIMNO
ABCDEFG
ABCFDOKGMILEJQPHN
ANBKFDEPHGJCIMLSOVQTUWR
ADCEGIHQKBNRSUJLMOVFTWPX
AGEFBKJMCOIDHRSQPLN
ABECHMFJDGRNTOSKLIQUP
ADGBHKJMFENLICOQP
ABJCVIEGNSLFDHYOKQWPRTUZMX
AEDCIMBKJQOFGHLNP
ABCD
ACBKMLEDIGNJFH
ABMDEGICJFLKORHPQN
ABEFDJNPGHMLOQCIK
AFGJCOPEDNBHKIML
ABCDEF
ACBEDGF
AGHDFBLECKJIMNRVXPYSTUQWO
ACDHIKJETLVUMPQZSXYBRFGNOW
ADLCBHEGFJKMNIPOQ
AFEJIGBKDHCONMLSQPR
ABJCKOPEMDIHNFGL
ABOMTCDEFJQLKRPGNHIS
AGEFMRCPKJDONQLTSBHUI
ACDHBEGF
AFDGCMBIRQEHJNLOPK
ADBJLECFGIOKNMHQP
ACEBFIDGKMONHTULRXPVSWJQ
AFEDCBG
ACHDFJIEGBKMSLNOVPRTUQ
ACNFKEBIHGDVLJQPOMSUTRW
AOCJHGUDPFEIBWSKLMVNZRXTYQ
AEBCD
ADGEHCFIBJ
AFBHGNCDEIJKLM
ACBGJLFEDHKMOIN
ACDFHBEITJGLNQKMPSRVWOU
ABCD
AECDJIGBHNMLFK
ABCDEFGHIJKLMNOPQ
AEFKBJCGMHLDI
ABCDEGHJFKI
ADONJIBXCSGTQKVRPFELHWUM
ACFBDHGJIEKL
ACBFGDEIHKJ
ARCELFBDKJINGHMOPUVQSWXTZY
AFHCDPJGLONIQEMKB
AEBGFCIHLJMODKPQN
ABGLOKMNCDEFHIJPQ
AEBCD
ABCED
ATBCDEFGHOSIJKLMNPQRUVWXYZ
A
AB
AB
AB
AB
